\BOOKMARK [0][-]{chapter.1}{Introduction}{}% 1
\BOOKMARK [0][-]{chapter.2}{Politics}{}% 2
\BOOKMARK [1][-]{section.2.1}{Protest}{chapter.2}% 3
\BOOKMARK [2][-]{subsection.2.1.1}{Agitation\040\(1910\)}{section.2.1}% 4
\BOOKMARK [2][-]{subsection.2.1.2}{The\040Proper\040Way\040\(1913\)}{section.2.1}% 5
\BOOKMARK [2][-]{subsection.2.1.3}{Close\040Ranks\040\(1918\)}{section.2.1}% 6
\BOOKMARK [2][-]{subsection.2.1.4}{A\040Statement\040\(1919\)}{section.2.1}% 7
\BOOKMARK [2][-]{subsection.2.1.5}{The\040Negro\040Party\040\(1916\)}{section.2.1}% 8
\BOOKMARK [2][-]{subsection.2.1.6}{Inter-Racial\040Comity\040\(1921\)}{section.2.1}% 9
\BOOKMARK [2][-]{subsection.2.1.7}{Publicity\040\(1922\)}{section.2.1}% 10
\BOOKMARK [2][-]{subsection.2.1.8}{Violence\040\(1934\)}{section.2.1}% 11
\BOOKMARK [2][-]{subsection.2.1.9}{Counsels\040of\040Despair\040\(1934\)}{section.2.1}% 12
\BOOKMARK [3][-]{subsubsection*.3}{The\040Anti-Segregation\040Campaign}{subsection.2.1.9}% 13
\BOOKMARK [3][-]{subsubsection*.4}{Protest}{subsection.2.1.9}% 14
\BOOKMARK [3][-]{subsubsection*.5}{The\040Conservation\040of\040Races}{subsection.2.1.9}% 15
\BOOKMARK [3][-]{subsubsection*.6}{Methods\040of\040Attack}{subsection.2.1.9}% 16
\BOOKMARK [3][-]{subsubsection*.7}{The\040New\040Negro\040Alliance}{subsection.2.1.9}% 17
\BOOKMARK [3][-]{subsubsection*.8}{Negro\040Fraternities}{subsection.2.1.9}% 18
\BOOKMARK [1][-]{section.2.2}{Disenfranchisement}{chapter.2}% 19
\BOOKMARK [2][-]{subsection.2.2.1}{Disenfranchisement\040\(1925\)}{section.2.2}% 20
\BOOKMARK [2][-]{subsection.2.2.2}{The\040Negro\040Citizen\040\(1929\)}{section.2.2}% 21
\BOOKMARK [3][-]{subsubsection*.9}{Afraid\040of\040Facts}{subsection.2.2.2}% 22
\BOOKMARK [3][-]{subsubsection*.10}{Political\040Power}{subsection.2.2.2}% 23
\BOOKMARK [3][-]{subsubsection*.11}{The\040Filibuster}{subsection.2.2.2}% 24
\BOOKMARK [3][-]{subsubsection*.12}{The\040Negro\040Vote}{subsection.2.2.2}% 25
\BOOKMARK [3][-]{subsubsection*.13}{A\040Debate}{subsection.2.2.2}% 26
\BOOKMARK [3][-]{subsubsection*.14}{Democracy}{subsection.2.2.2}% 27
\BOOKMARK [3][-]{subsubsection*.15}{The\040Bourbon\040South}{subsection.2.2.2}% 28
\BOOKMARK [3][-]{subsubsection*.16}{Recent\040Eletions}{subsection.2.2.2}% 29
\BOOKMARK [3][-]{subsubsection*.17}{The\040Future}{subsection.2.2.2}% 30
\BOOKMARK [2][-]{subsection.2.2.3}{The\040Negro\040in\040Politics}{section.2.2}% 31
\BOOKMARK [1][-]{section.2.3}{Voting\040and\040Parties}{chapter.2}% 32
\BOOKMARK [2][-]{subsection.2.3.1}{Politics\040\(1912\)}{section.2.3}% 33
\BOOKMARK [2][-]{subsection.2.3.2}{The\040Oath\040of\040the\040Negro\040Voter\040\(1917\)}{section.2.3}% 34
\BOOKMARK [2][-]{subsection.2.3.3}{The\040Unreal\040Campaign\040\(1920\)}{section.2.3}% 35
\BOOKMARK [3][-]{subsubsection*.18}{The\040Family\040Tree}{subsection.2.3.3}% 36
\BOOKMARK [3][-]{subsubsection*.19}{Third\040Parties}{subsection.2.3.3}% 37
\BOOKMARK [2][-]{subsection.2.3.4}{The\040Drive\040\(1921\)}{section.2.3}% 38
\BOOKMARK [2][-]{subsection.2.3.5}{Chicago\040\(1927\)}{section.2.3}% 39
\BOOKMARK [2][-]{subsection.2.3.6}{On\040the\040Fence\040\(1928\)}{section.2.3}% 40
\BOOKMARK [2][-]{subsection.2.3.7}{A\040Third\040Party\040\(1928\)}{section.2.3}% 41
\BOOKMARK [0][-]{chapter.3}{NAACP}{}% 42
\BOOKMARK [1][-]{section.3.1}{N.A.A.C.P.\040\(1910\)}{chapter.3}% 43
\BOOKMARK [1][-]{section.3.2}{The\040Crisis\040\(1910\)}{chapter.3}% 44
\BOOKMARK [1][-]{section.3.3}{The\040Vigilance\040Committee:\040A\040Call\040To\040Arms\040\(1913\)}{chapter.3}% 45
\BOOKMARK [1][-]{section.3.4}{Join\040or\040Die\040\(1914\)}{chapter.3}% 46
\BOOKMARK [1][-]{section.3.5}{The\040New\040Crisis\040\(1925\)}{chapter.3}% 47
\BOOKMARK [1][-]{section.3.6}{Our\040Methods\040\(1927\)}{chapter.3}% 48
\BOOKMARK [1][-]{section.3.7}{Toward\040a\040New\040Racial\040Philosophy\040\(1933\)}{chapter.3}% 49
\BOOKMARK [0][-]{chapter.4}{Lynching}{}% 50
\BOOKMARK [1][-]{section.4.1}{Lynching\040\(1911\)}{chapter.4}% 51
\BOOKMARK [1][-]{section.4.2}{The\040Cause\040of\040Lynching\040\(1914\)}{chapter.4}% 52
\BOOKMARK [1][-]{section.4.3}{Cowardice\040\(1916\)}{chapter.4}% 53
\BOOKMARK [1][-]{section.4.4}{Anti-Lynching\040Legislation\040\(1921\)}{chapter.4}% 54
\BOOKMARK [1][-]{section.4.5}{A\040University\040Course\040in\040Lynching\040\(1923\)}{chapter.4}% 55
\BOOKMARK [1][-]{section.4.6}{Lynching\040\(1926\)}{chapter.4}% 56
\BOOKMARK [1][-]{section.4.7}{Aiken\040\(1927\)}{chapter.4}% 57
\BOOKMARK [1][-]{section.4.8}{Lynching\040\(1927\)}{chapter.4}% 58
\BOOKMARK [1][-]{section.4.9}{Causes\040of\040Lynching\040\(1931\)}{chapter.4}% 59
\BOOKMARK [0][-]{chapter.5}{Segregation}{}% 60
\BOOKMARK [1][-]{section.5.1}{Segregation\040\(1910\)}{chapter.5}% 61
\BOOKMARK [1][-]{section.5.2}{Homes\040\(1912\)}{chapter.5}% 62
\BOOKMARK [1][-]{section.5.3}{Blessed\040Discrimination\040\(1913\)}{chapter.5}% 63
\BOOKMARK [1][-]{section.5.4}{The\040Perpetual\040Dilemma\040\(1917\)}{chapter.5}% 64
\BOOKMARK [1][-]{section.5.5}{Jim\040Crow\040\(1919\)}{chapter.5}% 65
\BOOKMARK [1][-]{section.5.6}{Returning\040Soldiers\040\(1919\)}{chapter.5}% 66
\BOOKMARK [1][-]{section.5.7}{On\040Being\040Crazy\040\(1923\)}{chapter.5}% 67
\BOOKMARK [1][-]{section.5.8}{The\040Challenge\040of\040Detroit\040\(1925\)}{chapter.5}% 68
\BOOKMARK [1][-]{section.5.9}{The\040N.A.A.C.P.\040and\040Race\040Segregation\040\(1934\)}{chapter.5}% 69
\BOOKMARK [1][-]{section.5.10}{Segregation\040in\040the\040North\040\(1934\)}{chapter.5}% 70
\BOOKMARK [2][-]{subsection.5.10.1}{No\040Segregation}{section.5.10}% 71
\BOOKMARK [2][-]{subsection.5.10.2}{Objects\040of\040Segregation}{section.5.10}% 72
\BOOKMARK [2][-]{subsection.5.10.3}{Boycott}{section.5.10}% 73
\BOOKMARK [2][-]{subsection.5.10.4}{Integration}{section.5.10}% 74
\BOOKMARK [1][-]{section.5.11}{Segregation\040\(1934\)}{chapter.5}% 75
\BOOKMARK [1][-]{section.5.12}{Color\040Caste\040in\040the\040United\040States\040\(1933\)}{chapter.5}% 76
\BOOKMARK [0][-]{chapter.6}{Racism\040and\040Discrimination}{}% 77
\BOOKMARK [1][-]{section.6.1}{\376\377\040\034\000S\000o\000c\000i\000a\000l\000\040\000E\000q\000u\000a\000l\000i\000t\000y\040\035\000\040\000\050\0001\0009\0001\0001\000\051}{chapter.6}% 78
\BOOKMARK [1][-]{section.6.2}{\376\377\040\034\000A\000s\000h\000a\000m\000e\000d\040\035\000\040\000\050\0001\0009\0001\0001\000\051}{chapter.6}% 79
\BOOKMARK [1][-]{section.6.3}{Light\040\(1912\)}{chapter.6}% 80
\BOOKMARK [1][-]{section.6.4}{Logic\040\(1913\)}{chapter.6}% 81
\BOOKMARK [1][-]{section.6.5}{The\040Clansman\040\(1915\)}{chapter.6}% 82
\BOOKMARK [1][-]{section.6.6}{Conduct,\040Not\040Color\040\(1916\)}{chapter.6}% 83
\BOOKMARK [1][-]{section.6.7}{Migration\040\(1916\)}{chapter.6}% 84
\BOOKMARK [1][-]{section.6.8}{Slavery\040\(1921\)}{chapter.6}% 85
\BOOKMARK [1][-]{section.6.9}{The\040Newer\040South\040\(1926\)}{chapter.6}% 86
\BOOKMARK [1][-]{section.6.10}{The\040Higher\040Friction\040\(1927\)}{chapter.6}% 87
\BOOKMARK [1][-]{section.6.11}{Prejudice\040\(1927\)}{chapter.6}% 88
\BOOKMARK [1][-]{section.6.12}{A\040Protest\040\(1933\)}{chapter.6}% 89
\BOOKMARK [0][-]{chapter.7}{Economics}{}% 90
\BOOKMARK [1][-]{section.7.1}{Labor}{chapter.7}% 91
\BOOKMARK [2][-]{subsection.7.1.1}{The\040Servant\040in\040the\040South\040\(1912\)}{section.7.1}% 92
\BOOKMARK [2][-]{subsection.7.1.2}{The\040Black\040Man\040and\040the\040Unions\040\(1918\)}{section.7.1}% 93
\BOOKMARK [2][-]{subsection.7.1.3}{Labor\040Omnia\040Vincit\040\(1919\)}{section.7.1}% 94
\BOOKMARK [2][-]{subsection.7.1.4}{The\040Black\040Man\040and\040Labor\040\(1925\)}{section.7.1}% 95
\BOOKMARK [2][-]{subsection.7.1.5}{Again,\040Pullman\040Porters\040\(1926\)}{section.7.1}% 96
\BOOKMARK [1][-]{section.7.2}{Socialism\040and\040Communism}{chapter.7}% 97
\BOOKMARK [2][-]{subsection.7.2.1}{\376\377\000C\000o\000\366\000p\000e\000r\000a\000t\000i\000o\000n\000\040\000\050\0001\0009\0002\0000\000\051}{section.7.2}% 98
\BOOKMARK [2][-]{subsection.7.2.2}{The\040Negro\040and\040Radical\040Thought\040\(1921\)}{section.7.2}% 99
\BOOKMARK [2][-]{subsection.7.2.3}{The\040Class\040Struggle\040\(1921\)}{section.7.2}% 100
\BOOKMARK [2][-]{subsection.7.2.4}{Socialism\040and\040the\040Negro\040\(1921\)}{section.7.2}% 101
\BOOKMARK [2][-]{subsection.7.2.5}{The\040Single\040Tax\040\(1921\)}{section.7.2}% 102
\BOOKMARK [2][-]{subsection.7.2.6}{The\040Black\040Man\040and\040the\040Wounded\040World\040-\040A\040History\040of\040the\040Negro\040Race\040in\040the\040World\040War\040and\040After\040\(1923\)}{section.7.2}% 103
\BOOKMARK [2][-]{subsection.7.2.7}{Russia,\0401926\040\(1926\)}{section.7.2}% 104
\BOOKMARK [2][-]{subsection.7.2.8}{Judging\040Russia\040\(1927\)}{section.7.2}% 105
\BOOKMARK [2][-]{subsection.7.2.9}{The\040Dunbar\040National\040Bank\040\(1928\)}{section.7.2}% 106
\BOOKMARK [2][-]{subsection.7.2.10}{The\040Negro\040and\040Communism\040\(1931\)}{section.7.2}% 107
\BOOKMARK [3][-]{subsubsection*.20}{The\040American\040Worker}{subsection.7.2.10}% 108
\BOOKMARK [3][-]{subsubsection*.21}{The\040Amerian\040Negro}{subsection.7.2.10}% 109
\BOOKMARK [3][-]{subsubsection*.22}{Proposed\040Reform}{subsection.7.2.10}% 110
\BOOKMARK [3][-]{subsubsection*.23}{Advice\040to\040Negroes}{subsection.7.2.10}% 111
\BOOKMARK [3][-]{subsubsection*.24}{The\040Scottsboro\040Cases}{subsection.7.2.10}% 112
\BOOKMARK [3][-]{subsubsection*.25}{Communist\040Strategy}{subsection.7.2.10}% 113
\BOOKMARK [3][-]{subsubsection*.26}{The\040Negro\040Bourgeoisie}{subsection.7.2.10}% 114
\BOOKMARK [3][-]{subsubsection*.27}{What\040is\040the\040N.A.A.CP.?}{subsection.7.2.10}% 115
\BOOKMARK [3][-]{subsubsection*.28}{White\040Labor}{subsection.7.2.10}% 116
\BOOKMARK [3][-]{subsubsection*.29}{Communists\040and\040the\040Color\040Line}{subsection.7.2.10}% 117
\BOOKMARK [3][-]{subsubsection*.30}{The\040Negro\040and\040the\040Rich}{subsection.7.2.10}% 118
\BOOKMARK [3][-]{subsubsection*.31}{The\040Next\040Step}{subsection.7.2.10}% 119
\BOOKMARK [2][-]{subsection.7.2.11}{Our\040Class\040Struggle}{section.7.2}% 120
\BOOKMARK [0][-]{chapter.8}{Woman\040Suffrage}{}% 121
\BOOKMARK [1][-]{section.8.1}{Ohio\040\(1912\)}{chapter.8}% 122
\BOOKMARK [1][-]{section.8.2}{Woman\040Suffrage\040\(1915\)}{chapter.8}% 123
\BOOKMARK [1][-]{section.8.3}{Agility\040\(1915\)}{chapter.8}% 124
\BOOKMARK [1][-]{section.8.4}{Votes\040for\040Women\040\(1917\)}{chapter.8}% 125
\BOOKMARK [0][-]{chapter.9}{Race\040Riots}{}% 126
\BOOKMARK [1][-]{section.9.1}{Shillady\040and\040Texas\040\(1919\)}{chapter.9}% 127
\BOOKMARK [1][-]{section.9.2}{Mob\040Tactics\040\(1927\)}{chapter.9}% 128
\BOOKMARK [1][-]{section.9.3}{Brothers,\040Come\040North\040\(1920\)}{chapter.9}% 129
\BOOKMARK [0][-]{chapter.10}{Miscellaneous}{}% 130
\BOOKMARK [1][-]{section.10.1}{Science\040of\040race}{chapter.10}% 131
\BOOKMARK [2][-]{subsection.10.1.1}{Races\040\(1911\)}{section.10.1}% 132
\BOOKMARK [1][-]{section.10.2}{Criminal\040Justice}{chapter.10}% 133
\BOOKMARK [2][-]{subsection.10.2.1}{Thirteen\040\(1919\)}{section.10.2}% 134
\BOOKMARK [2][-]{subsection.10.2.2}{Crime\040\(1920\)}{section.10.2}% 135
\BOOKMARK [2][-]{subsection.10.2.3}{Crime\040\(1926\)}{section.10.2}% 136
\BOOKMARK [2][-]{subsection.10.2.4}{Courts\040and\040Jails\040\(1932\)}{section.10.2}% 137
\BOOKMARK [1][-]{section.10.3}{Intermarriage}{chapter.10}% 138
\BOOKMARK [2][-]{subsection.10.3.1}{Intermarriage\040\(1913\)}{section.10.3}% 139
\BOOKMARK [2][-]{subsection.10.3.2}{Sex\040Equality\040\(1920\)}{section.10.3}% 140
\BOOKMARK [2][-]{subsection.10.3.3}{Correspondence\040\(1926\)}{section.10.3}% 141
\BOOKMARK [1][-]{section.10.4}{Reparations}{chapter.10}% 142
\BOOKMARK [2][-]{subsection.10.4.1}{White\040Charity\040\(1922\)}{section.10.4}% 143
\BOOKMARK [1][-]{section.10.5}{Colonialization}{chapter.10}% 144
\BOOKMARK [2][-]{subsection.10.5.1}{World\040War\040and\040the\040Color\040Line\040\(1914\)}{section.10.5}% 145
\BOOKMARK [2][-]{subsection.10.5.2}{Reconstruction\040and\040Africa\040\(1919\)}{section.10.5}% 146
\BOOKMARK [2][-]{subsection.10.5.3}{Race\040Pride\040\(1920\)}{section.10.5}% 147
\BOOKMARK [2][-]{subsection.10.5.4}{The\040Firing\040Line\040\(1925\)}{section.10.5}% 148
\BOOKMARK [2][-]{subsection.10.5.5}{Listen,\040Japan\040and\040China\040\(1933\)}{section.10.5}% 149
\BOOKMARK [1][-]{section.10.6}{Miscellaneous}{chapter.10}% 150
\BOOKMARK [2][-]{subsection.10.6.1}{Lee\040\(1912\)}{section.10.6}% 151
\BOOKMARK [2][-]{subsection.10.6.2}{Negro\040\(1914\)}{section.10.6}% 152
\BOOKMARK [2][-]{subsection.10.6.3}{The\040National\040Emancipation\040Exposition\040\(1913\)}{section.10.6}% 153
\BOOKMARK [3][-]{subsubsection*.32}{Prelude}{subsection.10.6.3}% 154
\BOOKMARK [3][-]{subsubsection*.33}{First\040Episode.\040The\040Gift\040of\040Iron:}{subsection.10.6.3}% 155
\BOOKMARK [3][-]{subsubsection*.34}{The\040Second\040Episode,\040saying:}{subsection.10.6.3}% 156
\BOOKMARK [3][-]{subsubsection*.35}{The\040Third\040Episode,\040saying:}{subsection.10.6.3}% 157
\BOOKMARK [3][-]{subsubsection*.36}{The\040Fourth\040Episode,\040saying:}{subsection.10.6.3}% 158
\BOOKMARK [3][-]{subsubsection*.37}{The\040Fifth\040Episode,\040saying:}{subsection.10.6.3}% 159
\BOOKMARK [3][-]{subsubsection*.38}{The\040Sixth\040Episode,\040saying:}{subsection.10.6.3}% 160
\BOOKMARK [2][-]{subsection.10.6.4}{The\040Star\040of\040Ethiopia\040\(1915\)}{section.10.6}% 161
\BOOKMARK [2][-]{subsection.10.6.5}{Reconstruction\040\(1919\)}{section.10.6}% 162
\BOOKMARK [2][-]{subsection.10.6.6}{Social\040Equity\040\(1919\)}{section.10.6}% 163
\BOOKMARK [2][-]{subsection.10.6.7}{Farmers\040\(1927\)}{section.10.6}% 164
\BOOKMARK [2][-]{subsection.10.6.8}{John\040Brown\040\(1932\)}{section.10.6}% 165
\BOOKMARK [0][-]{chapter.11}{Random\040Encounters}{}% 166
\BOOKMARK [0][-]{section*.39}{Index}{}% 167
